[2023-06-07 11:47:12,449]-[E:\work\AI_Project\ComputerVision\HyperLPR\Prj-Python\api.py:54]-[INFO] ---------- Inference start ---------
[2023-06-07 11:47:12,805]-[E:\work\AI_Project\ComputerVision\HyperLPR\Prj-Python\api.py:61]-[INFO] ---------- Inference stop ---------
[2023-06-07 11:47:53,620]-[E:\work\AI_Project\ComputerVision\HyperLPR\Prj-Python\api.py:54]-[INFO] ---------- Inference start ---------
[2023-06-07 11:47:53,915]-[E:\work\AI_Project\ComputerVision\HyperLPR\Prj-Python\api.py:61]-[INFO] ---------- Inference stop ---------
[2023-06-07 11:48:13,187]-[E:\work\AI_Project\ComputerVision\HyperLPR\Prj-Python\api.py:54]-[INFO] ---------- Inference start ---------
[2023-06-07 11:48:13,637]-[E:\work\AI_Project\ComputerVision\HyperLPR\Prj-Python\api.py:61]-[INFO] ---------- Inference stop ---------
[2023-06-12 11:28:39,642]-[E:\work\AI_Project\ComputerVision\HyperLPR车牌识别(C++)\HyperLPR\Prj-Python\api.py:76]-[INFO] ---------- Inference start ---------
[2023-06-12 11:29:05,532]-[E:\work\AI_Project\ComputerVision\HyperLPR车牌识别(C++)\HyperLPR\Prj-Python\api.py:76]-[INFO] ---------- Inference start ---------
[2023-06-12 11:30:35,066]-[E:\work\AI_Project\ComputerVision\HyperLPR车牌识别(C++)\HyperLPR\Prj-Python\api.py:76]-[INFO] ---------- Inference start ---------
[2023-06-12 11:30:37,770]-[E:\work\AI_Project\ComputerVision\HyperLPR车牌识别(C++)\HyperLPR\Prj-Python\api.py:76]-[INFO] ---------- Inference start ---------
[2023-06-12 11:31:02,930]-[E:\work\AI_Project\ComputerVision\HyperLPR车牌识别(C++)\HyperLPR\Prj-Python\api.py:76]-[INFO] ---------- Inference start ---------
[2023-06-12 11:32:15,493]-[E:\work\AI_Project\ComputerVision\HyperLPR车牌识别(C++)\HyperLPR\Prj-Python\api.py:76]-[INFO] ---------- Inference start ---------
[2023-06-12 11:32:15,822]-[E:\work\AI_Project\ComputerVision\HyperLPR车牌识别(C++)\HyperLPR\Prj-Python\api.py:83]-[INFO] 识别出多个车牌号！
[2023-06-12 11:33:09,905]-[E:\work\AI_Project\ComputerVision\HyperLPR车牌识别(C++)\HyperLPR\Prj-Python\api.py:76]-[INFO] ---------- Inference start ---------
[2023-06-12 11:33:10,264]-[E:\work\AI_Project\ComputerVision\HyperLPR车牌识别(C++)\HyperLPR\Prj-Python\api.py:85]-[INFO] 识别出多个车牌号！
[2023-06-12 11:33:26,386]-[E:\work\AI_Project\ComputerVision\HyperLPR车牌识别(C++)\HyperLPR\Prj-Python\api.py:76]-[INFO] ---------- Inference start ---------
[2023-06-12 11:33:26,763]-[E:\work\AI_Project\ComputerVision\HyperLPR车牌识别(C++)\HyperLPR\Prj-Python\api.py:85]-[INFO] 识别出多个车牌号！
[2023-06-12 11:33:46,547]-[E:\work\AI_Project\ComputerVision\HyperLPR车牌识别(C++)\HyperLPR\Prj-Python\api.py:76]-[INFO] ---------- Inference start ---------
[2023-06-12 11:33:46,966]-[E:\work\AI_Project\ComputerVision\HyperLPR车牌识别(C++)\HyperLPR\Prj-Python\api.py:86]-[INFO] 识别出多个车牌号！
[2023-06-12 11:36:19,848]-[E:\work\AI_Project\ComputerVision\HyperLPR车牌识别(C++)\HyperLPR\Prj-Python\api.py:76]-[INFO] ---------- Inference start ---------
[2023-06-12 11:36:30,899]-[E:\work\AI_Project\ComputerVision\HyperLPR车牌识别(C++)\HyperLPR\Prj-Python\api.py:76]-[INFO] ---------- Inference start ---------
[2023-06-12 11:36:58,521]-[E:\work\AI_Project\ComputerVision\HyperLPR车牌识别(C++)\HyperLPR\Prj-Python\api.py:76]-[INFO] ---------- Inference start ---------
[2023-06-12 11:37:36,027]-[E:\work\AI_Project\ComputerVision\HyperLPR车牌识别(C++)\HyperLPR\Prj-Python\api.py:76]-[INFO] ---------- Inference start ---------
[2023-06-12 11:37:57,312]-[E:\work\AI_Project\ComputerVision\HyperLPR车牌识别(C++)\HyperLPR\Prj-Python\api.py:76]-[INFO] ---------- Inference start ---------
[2023-06-12 11:38:00,444]-[E:\work\AI_Project\ComputerVision\HyperLPR车牌识别(C++)\HyperLPR\Prj-Python\api.py:76]-[INFO] ---------- Inference start ---------
[2023-06-12 11:38:26,171]-[E:\work\AI_Project\ComputerVision\HyperLPR车牌识别(C++)\HyperLPR\Prj-Python\api.py:76]-[INFO] ---------- Inference start ---------
[2023-06-12 11:38:28,492]-[E:\work\AI_Project\ComputerVision\HyperLPR车牌识别(C++)\HyperLPR\Prj-Python\api.py:76]-[INFO] ---------- Inference start ---------
[2023-06-12 12:08:42,480]-[E:\work\AI_Project\ComputerVision\HyperLPR车牌识别(C++)\HyperLPR\Prj-Python\api.py:76]-[INFO] ---------- Inference start ---------
[2023-06-12 12:09:09,718]-[E:\work\AI_Project\ComputerVision\HyperLPR车牌识别(C++)\HyperLPR\Prj-Python\api.py:76]-[INFO] ---------- Inference start ---------
[2023-06-12 12:11:29,989]-[E:\work\AI_Project\ComputerVision\HyperLPR车牌识别(C++)\HyperLPR\Prj-Python\api.py:76]-[INFO] ---------- Inference start ---------
[2023-06-12 12:11:41,120]-[E:\work\AI_Project\ComputerVision\HyperLPR车牌识别(C++)\HyperLPR\Prj-Python\api.py:76]-[INFO] ---------- Inference start ---------
[2023-06-12 12:12:20,833]-[E:\work\AI_Project\ComputerVision\HyperLPR车牌识别(C++)\HyperLPR\Prj-Python\api.py:76]-[INFO] ---------- Inference start ---------
[2023-06-12 12:13:34,075]-[E:\work\AI_Project\ComputerVision\HyperLPR车牌识别(C++)\HyperLPR\Prj-Python\api.py:76]-[INFO] ---------- Inference start ---------
[2023-06-12 12:13:58,084]-[E:\work\AI_Project\ComputerVision\HyperLPR车牌识别(C++)\HyperLPR\Prj-Python\api.py:76]-[INFO] ---------- Inference start ---------
[2023-06-12 12:14:12,664]-[E:\work\AI_Project\ComputerVision\HyperLPR车牌识别(C++)\HyperLPR\Prj-Python\api.py:76]-[INFO] ---------- Inference start ---------
[2023-06-12 12:14:53,695]-[E:\work\AI_Project\ComputerVision\HyperLPR车牌识别(C++)\HyperLPR\Prj-Python\api.py:76]-[INFO] ---------- Inference start ---------
[2023-06-12 12:15:55,645]-[E:\work\AI_Project\ComputerVision\HyperLPR车牌识别(C++)\HyperLPR\Prj-Python\api.py:76]-[INFO] ---------- Inference start ---------
[2023-06-12 12:15:56,053]-[E:\work\AI_Project\ComputerVision\HyperLPR车牌识别(C++)\HyperLPR\Prj-Python\api.py:95]-[INFO] {'isSuc': True, 'code': 0, 'msg': '识别成功~', 'data': [['粤MFE658', 0.99973524, 0, [126, 280, 208, 309]], 1686543356.046773]}
[2023-06-12 12:15:56,054]-[E:\work\AI_Project\ComputerVision\HyperLPR车牌识别(C++)\HyperLPR\Prj-Python\api.py:96]-[INFO] ---------- Inference stop ---------
[2023-06-12 12:16:20,514]-[E:\work\AI_Project\ComputerVision\HyperLPR车牌识别(C++)\HyperLPR\Prj-Python\api.py:76]-[INFO] ---------- Inference start ---------
[2023-06-12 12:16:42,107]-[E:\work\AI_Project\ComputerVision\HyperLPR车牌识别(C++)\HyperLPR\Prj-Python\api.py:76]-[INFO] ---------- Inference start ---------
[2023-06-12 12:16:42,524]-[E:\work\AI_Project\ComputerVision\HyperLPR车牌识别(C++)\HyperLPR\Prj-Python\api.py:95]-[INFO] {'isSuc': True, 'code': 0, 'msg': '识别成功~', 'data': [['粤MFE658', 0.99973524, 0, [126, 280, 208, 309]], 1686543402.5199246]}
[2023-06-12 12:16:42,524]-[E:\work\AI_Project\ComputerVision\HyperLPR车牌识别(C++)\HyperLPR\Prj-Python\api.py:96]-[INFO] ---------- Inference stop ---------
[2023-06-12 12:17:42,745]-[E:\work\AI_Project\ComputerVision\HyperLPR车牌识别(C++)\HyperLPR\Prj-Python\api.py:76]-[INFO] ---------- Inference start ---------
[2023-06-12 12:17:43,126]-[E:\work\AI_Project\ComputerVision\HyperLPR车牌识别(C++)\HyperLPR\Prj-Python\api.py:95]-[INFO] {'isSuc': True, 'code': 0, 'msg': '识别成功~', 'data': [['粤MFE658', 0.99973524, 0, [126, 280, 208, 309]], 1686543463.1203532]}
[2023-06-12 12:17:43,127]-[E:\work\AI_Project\ComputerVision\HyperLPR车牌识别(C++)\HyperLPR\Prj-Python\api.py:96]-[INFO] ---------- Inference stop ---------
[2023-06-12 12:17:55,084]-[E:\work\AI_Project\ComputerVision\HyperLPR车牌识别(C++)\HyperLPR\Prj-Python\api.py:76]-[INFO] ---------- Inference start ---------
[2023-06-12 12:17:55,420]-[E:\work\AI_Project\ComputerVision\HyperLPR车牌识别(C++)\HyperLPR\Prj-Python\api.py:95]-[INFO] {'isSuc': True, 'code': 0, 'msg': '识别成功~', 'data': [['粤MFE658', 0.99973524, 0, [126, 280, 208, 309]], 1686543475.4164083]}
[2023-06-12 12:17:55,420]-[E:\work\AI_Project\ComputerVision\HyperLPR车牌识别(C++)\HyperLPR\Prj-Python\api.py:96]-[INFO] ---------- Inference stop ---------
[2023-06-12 12:20:16,660]-[E:\work\AI_Project\ComputerVision\HyperLPR车牌识别(C++)\HyperLPR\Prj-Python\api.py:76]-[INFO] ---------- Inference start ---------
[2023-06-12 12:20:17,191]-[E:\work\AI_Project\ComputerVision\HyperLPR车牌识别(C++)\HyperLPR\Prj-Python\api.py:95]-[INFO] {'isSuc': True, 'code': 0, 'msg': '识别成功~', 'data': [['粤MFE658', 0.99973524, 0, [126, 280, 208, 309]], 1686543617.1864479]}
[2023-06-12 12:20:17,192]-[E:\work\AI_Project\ComputerVision\HyperLPR车牌识别(C++)\HyperLPR\Prj-Python\api.py:96]-[INFO] ---------- Inference stop ---------
[2023-06-12 12:22:43,263]-[E:\work\AI_Project\ComputerVision\HyperLPR车牌识别(C++)\HyperLPR\Prj-Python\api.py:76]-[INFO] ---------- Inference start ---------
[2023-06-12 12:23:46,670]-[E:\work\AI_Project\ComputerVision\HyperLPR车牌识别(C++)\HyperLPR\Prj-Python\api.py:95]-[INFO] {'isSuc': True, 'code': 0, 'msg': '识别成功~', 'data': [['粤MFE658', 0.99973524, 0, [126, 280, 208, 309]], 1686543780.3741598]}
[2023-06-12 12:23:47,306]-[E:\work\AI_Project\ComputerVision\HyperLPR车牌识别(C++)\HyperLPR\Prj-Python\api.py:96]-[INFO] ---------- Inference stop ---------
[2023-06-12 12:25:39,849]-[E:\work\AI_Project\ComputerVision\HyperLPR车牌识别(C++)\HyperLPR\Prj-Python\api.py:76]-[INFO] ---------- Inference start ---------
[2023-06-12 12:25:42,911]-[E:\work\AI_Project\ComputerVision\HyperLPR车牌识别(C++)\HyperLPR\Prj-Python\api.py:95]-[INFO] {'isSuc': True, 'code': 0, 'msg': '识别成功~', 'data': [['粤MFE658', 0.99973524, 0, [126, 280, 208, 309]], 1686543940.3078518]}
[2023-06-12 12:25:42,912]-[E:\work\AI_Project\ComputerVision\HyperLPR车牌识别(C++)\HyperLPR\Prj-Python\api.py:96]-[INFO] ---------- Inference stop ---------
[2023-06-12 12:25:49,555]-[E:\work\AI_Project\ComputerVision\HyperLPR车牌识别(C++)\HyperLPR\Prj-Python\api.py:76]-[INFO] ---------- Inference start ---------
[2023-06-12 12:25:49,983]-[E:\work\AI_Project\ComputerVision\HyperLPR车牌识别(C++)\HyperLPR\Prj-Python\api.py:95]-[INFO] {'isSuc': True, 'code': 0, 'msg': '识别成功~', 'data': [['粤MFE658', 0.99973524, 0, [126, 280, 208, 309]], 1686543949.9536138]}
[2023-06-12 12:25:49,985]-[E:\work\AI_Project\ComputerVision\HyperLPR车牌识别(C++)\HyperLPR\Prj-Python\api.py:96]-[INFO] ---------- Inference stop ---------
[2023-06-12 12:26:21,884]-[E:\work\AI_Project\ComputerVision\HyperLPR车牌识别(C++)\HyperLPR\Prj-Python\api.py:76]-[INFO] ---------- Inference start ---------
[2023-06-12 12:26:22,321]-[E:\work\AI_Project\ComputerVision\HyperLPR车牌识别(C++)\HyperLPR\Prj-Python\api.py:95]-[INFO] {'isSuc': True, 'code': 0, 'msg': '识别成功~', 'data': [['粤MFE658', 0.99973524, 0, [126, 280, 208, 309]], 1686543982.317309]}
[2023-06-12 12:26:22,322]-[E:\work\AI_Project\ComputerVision\HyperLPR车牌识别(C++)\HyperLPR\Prj-Python\api.py:96]-[INFO] ---------- Inference stop ---------
[2023-06-12 12:27:01,850]-[E:\work\AI_Project\ComputerVision\HyperLPR车牌识别(C++)\HyperLPR\Prj-Python\api.py:77]-[INFO] ---------- Inference start ---------
[2023-06-12 12:27:02,194]-[E:\work\AI_Project\ComputerVision\HyperLPR车牌识别(C++)\HyperLPR\Prj-Python\api.py:96]-[INFO] {'isSuc': True, 'code': 0, 'msg': '识别成功~', 'data': [['粤MFE658', 0.99973524, 0, [126, 280, 208, 309]], 1686544022.1902442]}
[2023-06-12 12:27:02,194]-[E:\work\AI_Project\ComputerVision\HyperLPR车牌识别(C++)\HyperLPR\Prj-Python\api.py:97]-[INFO] ---------- Inference stop ---------
[2023-06-12 12:27:05,040]-[E:\work\AI_Project\ComputerVision\HyperLPR车牌识别(C++)\HyperLPR\Prj-Python\api.py:77]-[INFO] ---------- Inference start ---------
[2023-06-12 12:27:05,394]-[E:\work\AI_Project\ComputerVision\HyperLPR车牌识别(C++)\HyperLPR\Prj-Python\api.py:96]-[INFO] {'isSuc': True, 'code': 0, 'msg': '识别成功~', 'data': [['粤MFE658', 0.99973524, 0, [126, 280, 208, 309]], 1686544025.3669116]}
[2023-06-12 12:27:05,394]-[E:\work\AI_Project\ComputerVision\HyperLPR车牌识别(C++)\HyperLPR\Prj-Python\api.py:97]-[INFO] ---------- Inference stop ---------
[2023-06-12 12:28:08,635]-[E:\work\AI_Project\ComputerVision\HyperLPR车牌识别(C++)\HyperLPR\Prj-Python\api.py:77]-[INFO] ---------- Inference start ---------
[2023-06-12 12:28:09,014]-[E:\work\AI_Project\ComputerVision\HyperLPR车牌识别(C++)\HyperLPR\Prj-Python\api.py:96]-[INFO] {'isSuc': True, 'code': 0, 'msg': '识别成功~', 'data': 'res'}
[2023-06-12 12:28:09,015]-[E:\work\AI_Project\ComputerVision\HyperLPR车牌识别(C++)\HyperLPR\Prj-Python\api.py:97]-[INFO] ---------- Inference stop ---------
[2023-06-12 12:28:35,232]-[E:\work\AI_Project\ComputerVision\HyperLPR车牌识别(C++)\HyperLPR\Prj-Python\api.py:77]-[INFO] ---------- Inference start ---------
[2023-06-12 12:28:35,636]-[E:\work\AI_Project\ComputerVision\HyperLPR车牌识别(C++)\HyperLPR\Prj-Python\api.py:96]-[INFO] {'isSuc': True, 'code': 0, 'msg': '识别成功~', 'data': "[['粤MFE658', 0.99973524, 0, [126, 280, 208, 309]], 1686544115.6043873]"}
[2023-06-12 12:28:35,637]-[E:\work\AI_Project\ComputerVision\HyperLPR车牌识别(C++)\HyperLPR\Prj-Python\api.py:97]-[INFO] ---------- Inference stop ---------
[2023-06-12 12:33:31,869]-[E:\work\AI_Project\ComputerVision\HyperLPR车牌识别(C++)\HyperLPR\Prj-Python\api.py:69]-[INFO] ---------- Inference start ---------
[2023-06-12 12:33:32,320]-[E:\work\AI_Project\ComputerVision\HyperLPR车牌识别(C++)\HyperLPR\Prj-Python\api.py:88]-[INFO] {'isSuc': True, 'code': 0, 'msg': '识别成功~', 'data': "['粤MFE658', '2023-06-12 12:33:32.315928']"}
[2023-06-12 12:33:32,321]-[E:\work\AI_Project\ComputerVision\HyperLPR车牌识别(C++)\HyperLPR\Prj-Python\api.py:89]-[INFO] ---------- Inference stop ---------
[2023-06-12 14:10:48,800]-[E:\work\AI_Project\ComputerVision\HyperLPR车牌识别(C++)\HyperLPR\Prj-Python\api.py:69]-[INFO] ---------- Inference start ---------
[2023-06-12 14:10:49,246]-[E:\work\AI_Project\ComputerVision\HyperLPR车牌识别(C++)\HyperLPR\Prj-Python\api.py:89]-[INFO] ---------- Inference stop ---------
[2023-06-12 14:11:24,188]-[E:\work\AI_Project\ComputerVision\HyperLPR车牌识别(C++)\HyperLPR\Prj-Python\api.py:69]-[INFO] ---------- Inference start ---------
[2023-06-12 14:11:24,536]-[E:\work\AI_Project\ComputerVision\HyperLPR车牌识别(C++)\HyperLPR\Prj-Python\api.py:89]-[INFO] ---------- Inference stop ---------
[2023-06-12 14:11:26,316]-[E:\work\AI_Project\ComputerVision\HyperLPR车牌识别(C++)\HyperLPR\Prj-Python\api.py:69]-[INFO] ---------- Inference start ---------
[2023-06-12 14:11:26,591]-[E:\work\AI_Project\ComputerVision\HyperLPR车牌识别(C++)\HyperLPR\Prj-Python\api.py:89]-[INFO] ---------- Inference stop ---------
[2023-06-12 14:11:44,410]-[E:\work\AI_Project\ComputerVision\HyperLPR车牌识别(C++)\HyperLPR\Prj-Python\api.py:69]-[INFO] ---------- Inference start ---------
[2023-06-12 14:11:44,780]-[E:\work\AI_Project\ComputerVision\HyperLPR车牌识别(C++)\HyperLPR\Prj-Python\api.py:89]-[INFO] ---------- Inference stop ---------
[2023-06-12 14:15:05,387]-[E:\work\AI_Project\ComputerVision\HyperLPR车牌识别(C++)\HyperLPR\Prj-Python\api.py:69]-[INFO] ---------- Inference start ---------
[2023-06-12 14:15:05,746]-[E:\work\AI_Project\ComputerVision\HyperLPR车牌识别(C++)\HyperLPR\Prj-Python\api.py:89]-[INFO] ---------- Inference stop ---------
[2023-06-12 14:16:34,808]-[E:\work\AI_Project\ComputerVision\HyperLPR车牌识别(C++)\HyperLPR\Prj-Python\api.py:69]-[INFO] ---------- Inference start ---------
[2023-06-12 14:16:35,214]-[E:\work\AI_Project\ComputerVision\HyperLPR车牌识别(C++)\HyperLPR\Prj-Python\api.py:89]-[INFO] ---------- Inference stop ---------
[2023-06-12 14:29:41,756]-[E:\work\AI_Project\ComputerVision\HyperLPR车牌识别(C++)\HyperLPR\Prj-Python\api.py:100]-[INFO] ---------- Inference start ---------
[2023-06-12 14:30:23,415]-[E:\work\AI_Project\ComputerVision\HyperLPR车牌识别(C++)\HyperLPR\Prj-Python\api.py:100]-[INFO] ---------- Inference start ---------
[2023-06-12 14:32:12,901]-[E:\work\AI_Project\ComputerVision\HyperLPR车牌识别(C++)\HyperLPR\Prj-Python\api.py:100]-[INFO] ---------- Inference start ---------
[2023-06-12 14:39:38,396]-[E:\work\AI_Project\ComputerVision\HyperLPR车牌识别(C++)\HyperLPR\Prj-Python\api.py:103]-[INFO] ---------- start ---------
[2023-06-12 14:40:40,822]-[E:\work\AI_Project\ComputerVision\HyperLPR车牌识别(C++)\HyperLPR\Prj-Python\api.py:103]-[INFO] ---------- start ---------
[2023-06-12 14:43:20,101]-[E:\work\AI_Project\ComputerVision\HyperLPR车牌识别(C++)\HyperLPR\Prj-Python\api.py:103]-[INFO] ---------- start ---------
[2023-06-12 14:43:29,131]-[E:\work\AI_Project\ComputerVision\HyperLPR车牌识别(C++)\HyperLPR\Prj-Python\api.py:103]-[INFO] ---------- start ---------
[2023-06-12 14:43:54,379]-[E:\work\AI_Project\ComputerVision\HyperLPR车牌识别(C++)\HyperLPR\Prj-Python\api.py:100]-[INFO] ---------- start ---------
[2023-06-12 14:45:24,400]-[E:\work\AI_Project\ComputerVision\HyperLPR车牌识别(C++)\HyperLPR\Prj-Python\api.py:100]-[INFO] ---------- start ---------
[2023-06-12 14:45:34,102]-[E:\work\AI_Project\ComputerVision\HyperLPR车牌识别(C++)\HyperLPR\Prj-Python\api.py:100]-[INFO] ---------- start ---------
[2023-06-12 14:46:41,911]-[E:\work\AI_Project\ComputerVision\HyperLPR车牌识别(C++)\HyperLPR\Prj-Python\api.py:100]-[INFO] ---------- start ---------
[2023-06-12 14:49:18,536]-[E:\work\AI_Project\ComputerVision\HyperLPR车牌识别(C++)\HyperLPR\Prj-Python\api.py:100]-[INFO] ---------- start ---------
[2023-06-12 14:50:10,518]-[E:\work\AI_Project\ComputerVision\HyperLPR车牌识别(C++)\HyperLPR\Prj-Python\api.py:121]-[INFO] {'isSuc': True, 'code': 0, 'msg': '祝你旅途愉快！', 'data': "['粤MFE658', 33]"}
[2023-06-12 14:50:10,968]-[E:\work\AI_Project\ComputerVision\HyperLPR车牌识别(C++)\HyperLPR\Prj-Python\api.py:122]-[INFO] ---------- end ---------
[2023-06-12 15:01:36,498]-[E:\work\AI_Project\ComputerVision\HyperLPR车牌识别(C++)\HyperLPR\Prj-Python\api.py:70]-[INFO] ---------- Inference start ---------
[2023-06-12 15:01:36,832]-[E:\work\AI_Project\ComputerVision\HyperLPR车牌识别(C++)\HyperLPR\Prj-Python\api.py:91]-[INFO] ---------- Inference stop ---------
[2023-06-12 15:01:59,482]-[E:\work\AI_Project\ComputerVision\HyperLPR车牌识别(C++)\HyperLPR\Prj-Python\api.py:70]-[INFO] ---------- Inference start ---------
[2023-06-12 15:01:59,753]-[E:\work\AI_Project\ComputerVision\HyperLPR车牌识别(C++)\HyperLPR\Prj-Python\api.py:91]-[INFO] ---------- Inference stop ---------
[2023-06-12 15:02:13,169]-[E:\work\AI_Project\ComputerVision\HyperLPR车牌识别(C++)\HyperLPR\Prj-Python\api.py:70]-[INFO] ---------- Inference start ---------
[2023-06-12 15:02:51,282]-[E:\work\AI_Project\ComputerVision\HyperLPR车牌识别(C++)\HyperLPR\Prj-Python\api.py:70]-[INFO] ---------- Inference start ---------
[2023-06-12 15:03:06,961]-[E:\work\AI_Project\ComputerVision\HyperLPR车牌识别(C++)\HyperLPR\Prj-Python\api.py:89]-[INFO] ---------- Inference stop ---------
[2023-06-12 15:03:09,123]-[E:\work\AI_Project\ComputerVision\HyperLPR车牌识别(C++)\HyperLPR\Prj-Python\api.py:70]-[INFO] ---------- Inference start ---------
[2023-06-12 15:03:44,273]-[E:\work\AI_Project\ComputerVision\HyperLPR车牌识别(C++)\HyperLPR\Prj-Python\api.py:89]-[INFO] ---------- Inference stop ---------
[2023-06-12 15:04:45,823]-[E:\work\AI_Project\ComputerVision\HyperLPR车牌识别(C++)\HyperLPR\Prj-Python\api.py:70]-[INFO] ---------- Inference start ---------
[2023-06-12 15:04:52,715]-[E:\work\AI_Project\ComputerVision\HyperLPR车牌识别(C++)\HyperLPR\Prj-Python\api.py:93]-[INFO] ---------- Inference stop ---------
[2023-06-12 15:05:06,499]-[E:\work\AI_Project\ComputerVision\HyperLPR车牌识别(C++)\HyperLPR\Prj-Python\api.py:70]-[INFO] ---------- Inference start ---------
[2023-06-12 15:05:32,560]-[E:\work\AI_Project\ComputerVision\HyperLPR车牌识别(C++)\HyperLPR\Prj-Python\api.py:93]-[INFO] ---------- Inference stop ---------
[2023-06-12 15:06:31,450]-[E:\work\AI_Project\ComputerVision\HyperLPR车牌识别(C++)\HyperLPR\Prj-Python\api.py:70]-[INFO] ---------- Inference start ---------
[2023-06-12 15:06:38,180]-[E:\work\AI_Project\ComputerVision\HyperLPR车牌识别(C++)\HyperLPR\Prj-Python\api.py:93]-[INFO] ---------- Inference stop ---------
[2023-06-12 15:07:40,253]-[E:\work\AI_Project\ComputerVision\HyperLPR车牌识别(C++)\HyperLPR\Prj-Python\api.py:70]-[INFO] ---------- Inference start ---------
[2023-06-12 15:08:01,403]-[E:\work\AI_Project\ComputerVision\HyperLPR车牌识别(C++)\HyperLPR\Prj-Python\api.py:93]-[INFO] ---------- Inference stop ---------
[2023-06-12 15:08:46,889]-[E:\work\AI_Project\ComputerVision\HyperLPR车牌识别(C++)\HyperLPR\Prj-Python\api.py:70]-[INFO] ---------- Inference start ---------
[2023-06-12 15:08:55,710]-[E:\work\AI_Project\ComputerVision\HyperLPR车牌识别(C++)\HyperLPR\Prj-Python\api.py:70]-[INFO] ---------- Inference start ---------
[2023-06-12 15:09:14,480]-[E:\work\AI_Project\ComputerVision\HyperLPR车牌识别(C++)\HyperLPR\Prj-Python\api.py:102]-[INFO] ---------- start ---------
[2023-06-12 15:09:18,969]-[E:\work\AI_Project\ComputerVision\HyperLPR车牌识别(C++)\HyperLPR\Prj-Python\api.py:123]-[INFO] {'isSuc': True, 'code': 0, 'msg': '祝你旅途愉快！', 'data': "['粤MFE658', 2]"}
[2023-06-12 15:09:18,970]-[E:\work\AI_Project\ComputerVision\HyperLPR车牌识别(C++)\HyperLPR\Prj-Python\api.py:124]-[INFO] ---------- end ---------
[2023-06-12 15:09:29,027]-[E:\work\AI_Project\ComputerVision\HyperLPR车牌识别(C++)\HyperLPR\Prj-Python\api.py:70]-[INFO] ---------- Inference start ---------
[2023-06-12 15:09:52,456]-[E:\work\AI_Project\ComputerVision\HyperLPR车牌识别(C++)\HyperLPR\Prj-Python\api.py:93]-[INFO] ---------- Inference stop ---------
[2023-06-12 15:12:43,770]-[E:\work\AI_Project\ComputerVision\HyperLPR车牌识别(C++)\HyperLPR\Prj-Python\api.py:70]-[INFO] ---------- Inference start ---------
[2023-06-12 15:12:50,407]-[E:\work\AI_Project\ComputerVision\HyperLPR车牌识别(C++)\HyperLPR\Prj-Python\api.py:93]-[INFO] ---------- Inference stop ---------
[2023-06-12 15:12:56,667]-[E:\work\AI_Project\ComputerVision\HyperLPR车牌识别(C++)\HyperLPR\Prj-Python\api.py:70]-[INFO] ---------- Inference start ---------
[2023-06-12 15:13:22,366]-[E:\work\AI_Project\ComputerVision\HyperLPR车牌识别(C++)\HyperLPR\Prj-Python\api.py:70]-[INFO] ---------- Inference start ---------
[2023-06-12 15:14:09,446]-[E:\work\AI_Project\ComputerVision\HyperLPR车牌识别(C++)\HyperLPR\Prj-Python\api.py:93]-[INFO] ---------- Inference stop ---------
[2023-06-12 15:15:54,605]-[E:\work\AI_Project\ComputerVision\HyperLPR车牌识别(C++)\HyperLPR\Prj-Python\api.py:102]-[INFO] ---------- start ---------
[2023-06-12 15:16:00,058]-[E:\work\AI_Project\ComputerVision\HyperLPR车牌识别(C++)\HyperLPR\Prj-Python\api.py:123]-[INFO] {'isSuc': True, 'code': 0, 'msg': '祝你旅途愉快！', 'data': "['粤MFE658', 28081127]"}
[2023-06-12 15:16:00,058]-[E:\work\AI_Project\ComputerVision\HyperLPR车牌识别(C++)\HyperLPR\Prj-Python\api.py:124]-[INFO] ---------- end ---------
[2023-06-12 15:16:08,210]-[E:\work\AI_Project\ComputerVision\HyperLPR车牌识别(C++)\HyperLPR\Prj-Python\api.py:70]-[INFO] ---------- Inference start ---------
[2023-06-12 15:18:33,941]-[E:\work\AI_Project\ComputerVision\HyperLPR车牌识别(C++)\HyperLPR\Prj-Python\api.py:70]-[INFO] ---------- Inference start ---------
[2023-06-12 15:18:43,623]-[E:\work\AI_Project\ComputerVision\HyperLPR车牌识别(C++)\HyperLPR\Prj-Python\api.py:93]-[INFO] ---------- Inference stop ---------
[2023-06-12 15:18:51,498]-[E:\work\AI_Project\ComputerVision\HyperLPR车牌识别(C++)\HyperLPR\Prj-Python\api.py:70]-[INFO] ---------- Inference start ---------
[2023-06-12 15:18:55,137]-[E:\work\AI_Project\ComputerVision\HyperLPR车牌识别(C++)\HyperLPR\Prj-Python\api.py:93]-[INFO] ---------- Inference stop ---------
[2023-06-12 15:22:16,460]-[E:\work\AI_Project\ComputerVision\HyperLPR车牌识别(C++)\HyperLPR\Prj-Python\api.py:70]-[INFO] ---------- Inference start ---------
[2023-06-12 15:22:40,108]-[E:\work\AI_Project\ComputerVision\HyperLPR车牌识别(C++)\HyperLPR\Prj-Python\api.py:93]-[INFO] ---------- Inference stop ---------
[2023-06-12 15:24:56,307]-[E:\work\AI_Project\ComputerVision\HyperLPR车牌识别(C++)\HyperLPR\Prj-Python\api.py:102]-[INFO] ---------- start ---------
[2023-06-12 15:24:56,575]-[E:\work\AI_Project\ComputerVision\HyperLPR车牌识别(C++)\HyperLPR\Prj-Python\api.py:123]-[INFO] {'isSuc': True, 'code': 0, 'msg': '祝你旅途愉快！', 'data': "['粤MFE658', 3]"}
[2023-06-12 15:24:56,575]-[E:\work\AI_Project\ComputerVision\HyperLPR车牌识别(C++)\HyperLPR\Prj-Python\api.py:124]-[INFO] ---------- end ---------
[2023-06-12 15:25:01,757]-[E:\work\AI_Project\ComputerVision\HyperLPR车牌识别(C++)\HyperLPR\Prj-Python\api.py:70]-[INFO] ---------- Inference start ---------
[2023-06-12 15:25:12,150]-[E:\work\AI_Project\ComputerVision\HyperLPR车牌识别(C++)\HyperLPR\Prj-Python\api.py:56]-[INFO] ---------- Inference start ---------
[2023-06-12 15:25:19,588]-[E:\work\AI_Project\ComputerVision\HyperLPR车牌识别(C++)\HyperLPR\Prj-Python\api.py:88]-[INFO] ---------- start ---------
[2023-06-12 15:25:19,869]-[E:\work\AI_Project\ComputerVision\HyperLPR车牌识别(C++)\HyperLPR\Prj-Python\api.py:109]-[INFO] {'isSuc': True, 'code': 0, 'msg': '祝你旅途愉快！', 'data': "['粤MFE658', 1]"}
[2023-06-12 15:25:19,870]-[E:\work\AI_Project\ComputerVision\HyperLPR车牌识别(C++)\HyperLPR\Prj-Python\api.py:110]-[INFO] ---------- end ---------
[2023-06-12 15:25:27,199]-[E:\work\AI_Project\ComputerVision\HyperLPR车牌识别(C++)\HyperLPR\Prj-Python\api.py:56]-[INFO] ---------- Inference start ---------
[2023-06-12 15:25:34,957]-[E:\work\AI_Project\ComputerVision\HyperLPR车牌识别(C++)\HyperLPR\Prj-Python\api.py:79]-[INFO] ---------- Inference stop ---------
